0 info it worked if it ends with ok
1 verbose cli [ '/home/jprice/.nvm/current/bin/node',
1 verbose cli   '/home/jprice/.nvm/current/bin/npm',
1 verbose cli   'install',
1 verbose cli   '--local' ]
2 info using npm@1.4.28
3 info using node@v0.10.33
4 verbose node symlink /home/jprice/.nvm/current/bin/node
5 error install Couldn't read dependencies
6 error package.json ENOENT, open '/home/jprice/Projects/package.json'
6 error package.json This is most likely not a problem with npm itself.
6 error package.json npm can't find a package.json file in your current directory.
7 error System Linux 3.2.0-4-amd64
8 error command "/home/jprice/.nvm/current/bin/node" "/home/jprice/.nvm/current/bin/npm" "install" "--local"
9 error cwd /home/jprice/Projects/awesome-shell
10 error node -v v0.10.33
11 error npm -v 1.4.28
12 error path /home/jprice/Projects/package.json
13 error code ENOPACKAGEJSON
14 error errno 34
15 verbose exit [ 34, true ]
